[debug] [2021-05-30T22:43:44.914Z] ----------------------------------------------------------------------
[debug] [2021-05-30T22:43:44.919Z] Command:       C:\Program Files\nodejs\node.exe C:\Users\User\AppData\Roaming\npm\node_modules\firebase-tools\lib\bin\firebase.js init
[debug] [2021-05-30T22:43:44.920Z] CLI Version:   9.11.0
[debug] [2021-05-30T22:43:44.920Z] Platform:      win32
[debug] [2021-05-30T22:43:44.920Z] Node Version:  v14.15.3
[debug] [2021-05-30T22:43:44.935Z] Time:          Mon May 31 2021 06:43:44 GMT+0800 (Malaysia Time)
[debug] [2021-05-30T22:43:44.936Z] ----------------------------------------------------------------------
[debug] 
[debug] [2021-05-30T22:43:44.942Z] >>> [apiv2][query] GET https://firebase-public.firebaseio.com/cli.json [none]
[debug] [2021-05-30T22:43:45.026Z] > command requires scopes: ["email","openid","https://www.googleapis.com/auth/cloudplatformprojects.readonly","https://www.googleapis.com/auth/firebase","https://www.googleapis.com/auth/cloud-platform"]
[debug] [2021-05-30T22:43:45.026Z] > authorizing via signed-in user (moniruggaman@gmail.com)
[info] 
     ######## #### ########  ######## ########     ###     ######  ########
     ##        ##  ##     ## ##       ##     ##  ##   ##  ##       ##
     ######    ##  ########  ######   ########  #########  ######  ######
     ##        ##  ##    ##  ##       ##     ## ##     ##       ## ##
     ##       #### ##     ## ######## ########  ##     ##  ######  ########

You're about to initialize a Firebase project in this directory:

  C:\Web Development\assignment-9\grab-riders

Before we get started, keep in mind:

  * You are currently outside your home directory

[debug] [2021-05-30T22:43:46.249Z] <<< [apiv2][status] GET https://firebase-public.firebaseio.com/cli.json 200
[debug] [2021-05-30T22:43:46.250Z] <<< [apiv2][body] GET https://firebase-public.firebaseio.com/cli.json {"cloudBuildErrorAfter":1594252800000,"cloudBuildWarnAfter":1590019200000,"defaultNode10After":1594252800000,"minVersion":"3.0.5","node8DeploysDisabledAfter":1613390400000,"node8RuntimeDisabledAfter":1615809600000,"node8WarnAfter":1600128000000}
